Started at Tue Sep 28 17:13:13 UTC 2021
Processing ansible-job
Offering ansible-job to Project Build Discarder
Processing ansible-user-db
Offering ansible-user-db to Project Build Discarder
Processing ENV
Offering ENV to Project Build Discarder
Processing first-job
Offering first-job to Project Build Discarder
Processing maven-job
Offering maven-job to Project Build Discarder
Processing remote-task
Offering remote-task to Project Build Discarder
Finished at Tue Sep 28 17:13:16 UTC 2021. 3673ms
Started at Tue Sep 28 18:13:10 UTC 2021
Processing ansible-job
Offering ansible-job to Project Build Discarder
Processing ansible-user-db
Offering ansible-user-db to Project Build Discarder
Processing ENV
Offering ENV to Project Build Discarder
Processing first-job
Offering first-job to Project Build Discarder
Processing maven-job
Offering maven-job to Project Build Discarder
Processing remote-task
Offering remote-task to Project Build Discarder
Finished at Tue Sep 28 18:13:10 UTC 2021. 81ms
Started at Tue Sep 28 19:13:10 UTC 2021
Processing ansible-job
Offering ansible-job to Project Build Discarder
Processing ansible-user-db
Offering ansible-user-db to Project Build Discarder
Processing ENV
Offering ENV to Project Build Discarder
Processing first-job
Offering first-job to Project Build Discarder
Processing maven-job
Offering maven-job to Project Build Discarder
Processing remote-task
Offering remote-task to Project Build Discarder
Finished at Tue Sep 28 19:13:10 UTC 2021. 2ms
